# JRE version: OpenJDK Runtime Environment (21.0.4) (build 21.0.4+-12508038-b607.1)
# Java VM: OpenJDK 64-Bit Server VM (21.0.4+-12508038-b607.1, mixed mode, tiered, compressed oops, compressed class ptrs, g1 gc, windows-amd64)
GC Precious Log:
 CardTable entry size: 512
 Card Set container configuration: InlinePtr #cards 5 size 8 Array Of Cards #cards 12 size 40 Howl #buckets 4 coarsen threshold 1843 Howl Bitmap #cards 512 size 80 coarsen threshold 460 Card regions per heap region 1 cards per card region 2048
 CPUs: 16 total, 16 available
 Memory: 14173M
 Large Page Support: Disabled
 NUMA Support: Disabled
 Compressed Oops: Enabled (32-bit)
 Heap Region Size: 1M
 Heap Min Capacity: 8M
 Heap Initial Capacity: 222M
 Heap Max Capacity: 2G
 Pre-touch: Disabled
 Parallel Workers: 13
 Concurrent Workers: 3
 Concurrent Refinement Workers: 13
 Periodic GC: Disabled
Heap:
 garbage-first heap   total 83968K, used 53282K [0x0000000080000000, 0x0000000100000000)
  region size 1024K, 19 young (19456K), 6 survivors (6144K)
 Metaspace       used 36460K, committed 37440K, reserved 1114112K
  class space    used 4916K, committed 5376K, reserved 1048576K
GC Heap History (14 events):
Event: 1.896 GC heap before
{Heap before GC invocations=0 (full 0):
 garbage-first heap   total 227328K, used 22528K [0x0000000080000000, 0x0000000100000000)
  region size 1024K, 23 young (23552K), 0 survivors (0K)
 Metaspace       used 8008K, committed 8192K, reserved 1114112K
  class space    used 709K, committed 768K, reserved 1048576K
}
Event: 1.904 GC heap after
{Heap after GC invocations=1 (full 0):
 garbage-first heap   total 227328K, used 4969K [0x0000000080000000, 0x0000000100000000)
  region size 1024K, 3 young (3072K), 3 survivors (3072K)
 Metaspace       used 8008K, committed 8192K, reserved 1114112K
  class space    used 709K, committed 768K, reserved 1048576K
}
Event: 3.776 GC heap before
{Heap before GC invocations=1 (full 0):
 garbage-first heap   total 227328K, used 40809K [0x0000000080000000, 0x0000000100000000)
  region size 1024K, 35 young (35840K), 3 survivors (3072K)
 Metaspace       used 12229K, committed 12416K, reserved 1114112K
  class space    used 1276K, committed 1408K, reserved 1048576K
}
Event: 3.782 GC heap after
{Heap after GC invocations=2 (full 0):
 garbage-first heap   total 227328K, used 12082K [0x0000000080000000, 0x0000000100000000)
  region size 1024K, 4 young (4096K), 4 survivors (4096K)
 Metaspace       used 12229K, committed 12416K, reserved 1114112K
  class space    used 1276K, committed 1408K, reserved 1048576K
}
Event: 6.539 GC heap before
{Heap before GC invocations=2 (full 0):
 garbage-first heap   total 227328K, used 66354K [0x0000000080000000, 0x0000000100000000)
  region size 1024K, 56 young (57344K), 4 survivors (4096K)
 Metaspace       used 17048K, committed 17344K, reserved 1114112K
  class space    used 1921K, committed 2048K, reserved 1048576K
}
Event: 6.549 GC heap after
{Heap after GC invocations=3 (full 0):
 garbage-first heap   total 227328K, used 19327K [0x0000000080000000, 0x0000000100000000)
  region size 1024K, 7 young (7168K), 7 survivors (7168K)
 Metaspace       used 17048K, committed 17344K, reserved 1114112K
  class space    used 1921K, committed 2048K, reserved 1048576K
}
Event: 7.474 GC heap before
{Heap before GC invocations=3 (full 0):
 garbage-first heap   total 227328K, used 32639K [0x0000000080000000, 0x0000000100000000)
  region size 1024K, 21 young (21504K), 7 survivors (7168K)
 Metaspace       used 21160K, committed 21504K, reserved 1114112K
  class space    used 2406K, committed 2560K, reserved 1048576K
}
Event: 7.480 GC heap after
{Heap after GC invocations=4 (full 0):
 garbage-first heap   total 227328K, used 21375K [0x0000000080000000, 0x0000000100000000)
  region size 1024K, 9 young (9216K), 9 survivors (9216K)
 Metaspace       used 21160K, committed 21504K, reserved 1114112K
  class space    used 2406K, committed 2560K, reserved 1048576K
}
Event: 10.721 GC heap before
{Heap before GC invocations=5 (full 0):
 garbage-first heap   total 71680K, used 70527K [0x0000000080000000, 0x0000000100000000)
  region size 1024K, 58 young (59392K), 9 survivors (9216K)
 Metaspace       used 29314K, committed 29952K, reserved 1114112K
  class space    used 3705K, committed 3968K, reserved 1048576K
}
Event: 10.731 GC heap after
{Heap after GC invocations=6 (full 0):
 garbage-first heap   total 83968K, used 24447K [0x0000000080000000, 0x0000000100000000)
  region size 1024K, 12 young (12288K), 12 survivors (12288K)
 Metaspace       used 29314K, committed 29952K, reserved 1114112K
  class space    used 3705K, committed 3968K, reserved 1048576K
}
Event: 11.952 GC heap before
{Heap before GC invocations=6 (full 0):
 garbage-first heap   total 83968K, used 61311K [0x0000000080000000, 0x0000000100000000)
  region size 1024K, 49 young (50176K), 12 survivors (12288K)
 Metaspace       used 34378K, committed 35264K, reserved 1114112K
  class space    used 4564K, committed 4992K, reserved 1048576K
}
Event: 11.961 GC heap after
{Heap after GC invocations=7 (full 0):
 garbage-first heap   total 83968K, used 26716K [0x0000000080000000, 0x0000000100000000)
  region size 1024K, 6 young (6144K), 6 survivors (6144K)
 Metaspace       used 34378K, committed 35264K, reserved 1114112K
  class space    used 4564K, committed 4992K, reserved 1048576K
}
Event: 12.334 GC heap before
{Heap before GC invocations=7 (full 0):
 garbage-first heap   total 83968K, used 46172K [0x0000000080000000, 0x0000000100000000)
  region size 1024K, 15 young (15360K), 6 survivors (6144K)
 Metaspace       used 35113K, committed 35968K, reserved 1114112K
  class space    used 4691K, committed 5120K, reserved 1048576K
}
Event: 12.340 GC heap after
{Heap after GC invocations=8 (full 0):
 garbage-first heap   total 83968K, used 40994K [0x0000000080000000, 0x0000000100000000)
  region size 1024K, 6 young (6144K), 6 survivors (6144K)
 Metaspace       used 35113K, committed 35968K, reserved 1114112K
  class space    used 4691K, committed 5120K, reserved 1048576K
}

